Scraping global achievement data for game 8880
Response: HTTP/1.1 200 OK
Found 0 achievements
Scraping global achievement data for game 212160
Response: HTTP/1.1 200 OK
Found 0 achievements
Scraping global achievement data for game 2210
Response: HTTP/1.1 200 OK
Found 0 achievements
Scraping global achievement data for game 15520
Response: HTTP/1.1 200 OK
Found 8 achievements
 Discarding: testo2
Scraping global achievement data for game 49400
Response: HTTP/1.1 200 OK
Found 21 achievements
Scraping global achievement data for game 3720
Response: HTTP/1.1 200 OK
Found 0 achievements
Scraping global achievement data for game 70600
Response: HTTP/1.1 200 OK
Found 38 achievements
Scraping global achievement data for game 26800
Response: HTTP/1.1 200 OK
Found 12 achievements
Scraping global achievement data for game 9860
Response: HTTP/1.1 200 OK
Found 0 achievements
Scraping global achievement data for game 12210
Response: HTTP/1.1 200 OK
Found 0 achievements
Scraping global achievement data for game 26900
Response: HTTP/1.1 200 OK
Found 0 achievements
Scraping global achievement data for game 1313
Response: HTTP/1.1 200 OK
Found 0 achievements
Scraping global achievement data for game 200190
Response: HTTP/1.1 200 OK
Found 10 achievements
Scraping global achievement data for game 63200
Response: HTTP/1.1 200 OK
Found 54 achievements
Scraping global achievement data for game 38740
Response: HTTP/1.1 200 OK
Found 55 achievements
 Discarding: 
Scraping global achievement data for game 63610
Response: HTTP/1.1 200 OK
Found 0 achievements
Scraping global achievement data for game 70100
Response: HTTP/1.1 200 OK
Found 0 achievements
Scraping global achievement data for game 47830
Response: HTTP/1.1 200 OK
Found 0 achievements
Scraping global achievement data for game 70300
Response: HTTP/1.1 200 OK
Found 0 achievements
Scraping global achievement data for game 2340
Response: HTTP/1.1 200 OK
Found 0 achievements
Scraping global achievement data for game 40
Response: HTTP/1.1 200 OK
Found 0 achievements
Scraping global achievement data for game 70400
Response: HTTP/1.1 200 OK
Found 0 achievements
Scraping global achievement data for game 93200
Response: HTTP/1.1 200 OK
Found 81 achievements
Scraping global achievement data for game 55230
Response: HTTP/1.1 200 OK
Found 0 achievements
Scraping global achievement data for game 73030
Response: HTTP/1.1 200 OK
Found 0 achievements
Scraping global achievement data for game 19200
Response: HTTP/1.1 200 OK
Found 29 achievements
Scraping global achievement data for game 107100
Response: HTTP/1.1 200 OK
Found 0 achievements
Scraping global achievement data for game 2200
Response: HTTP/1.1 200 OK
Found 0 achievements
Scraping global achievement data for game 207610
Response: HTTP/1.1 200 OK
Found 0 achievements
Scraping global achievement data for game 209690
Response: HTTP/1.1 200 OK
Found 95 achievements
Scraping global achievement data for game 48160
Response: HTTP/1.1 200 OK
Found 0 achievements
Scraping global achievement data for game 204060
Response: HTTP/1.1 200 OK
Found 18 achievements
Scraping global achievement data for game 28050
Response: HTTP/1.1 200 OK
Found 0 achievements
Scraping global achievement data for game 21110
Response: HTTP/1.1 200 OK
Found 0 achievements
Scraping global achievement data for game 111600
Response: HTTP/1.1 200 OK
Found 30 achievements
Scraping global achievement data for game 90530
Response: HTTP/1.1 200 OK
Found 86 achievements
 Discarding: TEST_PLAYER_JOINED_INSTANCE
Scraping global achievement data for game 42680
Response: HTTP/1.1 200 OK
Found 76 achievements
Scraping global achievement data for game 111400
Response: HTTP/1.1 200 OK
Found 59 achievements
 Discarding: ACH_WEAPON_TESTER
Scraping global achievement data for game 24780
Response: HTTP/1.1 200 OK
Found 0 achievements
Scraping global achievement data for game 63600
Response: HTTP/1.1 200 OK
Found 0 achievements
Scraping global achievement data for game 10090
Response: HTTP/1.1 200 OK
Found 0 achievements
Scraping global achievement data for game 30
Response: HTTP/1.1 200 OK
Found 0 achievements
Scraping global achievement data for game 12220
Response: HTTP/1.1 200 OK
Found 0 achievements
Scraping global achievement data for game 340
Response: HTTP/1.1 200 OK
Found 0 achievements
Scraping global achievement data for game 2330
Response: HTTP/1.1 200 OK
Found 0 achievements
Scraping global achievement data for game 400
Response: HTTP/1.1 200 OK
Found 0 achievements
Scraping global achievement data for game 12120
Response: HTTP/1.1 200 OK
Found 0 achievements
Scraping global achievement data for game 2430
Response: HTTP/1.1 200 OK
Found 0 achievements
Scraping global achievement data for game 20820
Response: HTTP/1.1 200 OK
Found 32 achievements
 Discarding: TEST_ACHIEVEMENT
Scraping global achievement data for game 730
Response: HTTP/1.1 200 OK
Found 194 achievements
 Discarding: 
Scraping global achievement data for game 207170
Response: HTTP/1.1 200 OK
Found 41 achievements
Scraping global achievement data for game 38830
Response: HTTP/1.1 200 OK
Found 56 achievements
 Discarding: 
Scraping global achievement data for game 40930
Response: HTTP/1.1 200 OK
Found 0 achievements
Scraping global achievement data for game 9880
Response: HTTP/1.1 200 OK
Found 717 achievements
Scraping global achievement data for game 7730
Response: HTTP/1.1 200 OK
Found 0 achievements
Scraping global achievement data for game 18520
Response: HTTP/1.1 200 OK
Found 0 achievements
Scraping global achievement data for game 15540
Response: HTTP/1.1 200 OK
Found 1 achievements
Scraping global achievement data for game 11340
Response: HTTP/1.1 200 OK
Found 25 achievements
Scraping global achievement data for game 18521
Response: HTTP/1.1 200 OK
Found 0 achievements
Scraping global achievement data for game 33460
Response: HTTP/1.1 200 OK
Found 0 achievements
Scraping global achievement data for game 72730
Response: HTTP/1.1 200 OK
Found 0 achievements
Scraping global achievement data for game 22650
Response: HTTP/1.1 200 OK
Found 13 achievements
Scraping global achievement data for game 35480
Response: HTTP/1.1 200 OK
Found 33 achievements
Scraping global achievement data for game 2310
Response: HTTP/1.1 200 OK
Found 0 achievements
Scraping global achievement data for game 2320
Response: HTTP/1.1 200 OK
Found 0 achievements
Scraping global achievement data for game 20
Response: HTTP/1.1 200 OK
Found 0 achievements
Scraping global achievement data for game 209830
Response: HTTP/1.1 200 OK
Found 0 achievements
Scraping global achievement data for game 96200
Response: HTTP/1.1 200 OK
Found 0 achievements
Scraping global achievement data for game 38720
Response: HTTP/1.1 200 OK
Found 25 achievements
Scraping global achievement data for game 1840
Response: HTTP/1.1 200 OK
Found 1 achievements
Scraping global achievement data for game 620
Response: HTTP/1.1 200 OK
Found 0 achievements
Scraping global achievement data for game 211880
Response: HTTP/1.1 200 OK
Found 0 achievements
Scraping global achievement data for game 25010
Response: HTTP/1.1 200 OK
Found 0 achievements
Scraping global achievement data for game 15740
Response: HTTP/1.1 200 OK
Found 38 achievements
 Discarding: ACH_FUZZLE_TEST
Scraping global achievement data for game 203850
Response: HTTP/1.1 200 OK
Found 0 achievements
Scraping global achievement data for game 99900
Response: HTTP/1.1 200 OK
Found 0 achievements
Scraping global achievement data for game 3730
Response: HTTP/1.1 200 OK
Found 0 achievements
Scraping global achievement data for game 220
Response: HTTP/1.1 200 OK
Found 33 achievements
Scraping global achievement data for game 48180
Response: HTTP/1.1 200 OK
Found 0 achievements
Scraping global achievement data for game 1309
Response: HTTP/1.1 200 OK
Found 0 achievements
Scraping global achievement data for game 8850
Response: HTTP/1.1 200 OK
Found 0 achievements
Scraping global achievement data for game 72740
Response: HTTP/1.1 200 OK
Found 0 achievements
Scraping global achievement data for game 40800
Response: HTTP/1.1 200 OK
Found 0 achievements
Scraping global achievement data for game 55100
Response: HTTP/1.1 200 OK
Found 49 achievements
Scraping global achievement data for game 1300
Response: HTTP/1.1 200 OK
Found 0 achievements
Scraping global achievement data for game 2100
Response: HTTP/1.1 200 OK
Found 0 achievements
Scraping global achievement data for game 8230
Response: HTTP/1.1 200 OK
Found 0 achievements
Scraping global achievement data for game 42910
Response: HTTP/1.1 200 OK
Found 0 achievements
Scraping global achievement data for game 320
Response: HTTP/1.1 200 OK
Found 0 achievements
Scraping global achievement data for game 2300
Response: HTTP/1.1 200 OK
Found 0 achievements
Scraping global achievement data for game 17470
Response: HTTP/1.1 200 OK
Found 0 achievements
Scraping global achievement data for game 2590
Response: HTTP/1.1 200 OK
Found 0 achievements
Scraping global achievement data for game 3830
Response: HTTP/1.1 200 OK
Found 37 achievements
Scraping global achievement data for game 10
Response: HTTP/1.1 200 OK
Found 0 achievements
Scraping global achievement data for game 9180
Response: HTTP/1.1 200 OK
Found 0 achievements
Scraping global achievement data for game 22000
Response: HTTP/1.1 200 OK
Found 8 achievements
Scraping global achievement data for game 34010
Response: HTTP/1.1 200 OK
Found 0 achievements
Scraping global achievement data for game 108500
Response: HTTP/1.1 200 OK
Found 20 achievements
Scraping global achievement data for game 520
Response: HTTP/1.1 200 OK
Found 0 achievements
Scraping global achievement data for game 15750
Response: HTTP/1.1 200 OK
Found 0 achievements
Scraping global achievement data for game 420
Response: HTTP/1.1 200 OK
Found 22 achievements
Scraping global achievement data for game 19900
Response: HTTP/1.1 200 OK
Found 0 achievements
Scraping global achievement data for game 48000
Response: HTTP/1.1 200 OK
Found 13 achievements
Scraping global achievement data for game 13520
Response: HTTP/1.1 200 OK
Found 0 achievements
Scraping global achievement data for game 206210
Response: HTTP/1.1 200 OK
Found 0 achievements
Scraping global achievement data for game 7650
Response: HTTP/1.1 200 OK
Found 0 achievements
Scraping global achievement data for game 570
Response: HTTP/1.1 200 OK
Found 0 achievements
Scraping global achievement data for game 35460
Response: HTTP/1.1 200 OK
Found 34 achievements
 Discarding: ACH_SURVIVAL_OF_THE_FITTEST
Scraping global achievement data for game 9070
Response: HTTP/1.1 200 OK
Found 0 achievements
Scraping global achievement data for game 65300
Response: HTTP/1.1 200 OK
Found 1 achievements
Scraping global achievement data for game 3970
Response: HTTP/1.1 200 OK
Found 0 achievements
Scraping global achievement data for game 72910
Response: HTTP/1.1 200 OK
Found 0 achievements
Scraping global achievement data for game 63710
Response: HTTP/1.1 200 OK
Found 0 achievements
Scraping global achievement data for game 38600
Response: HTTP/1.1 200 OK
Found 30 achievements
Scraping global achievement data for game 34830
Response: HTTP/1.1 200 OK
Found 24 achievements
Scraping global achievement data for game 18500
Response: HTTP/1.1 200 OK
Found 80 achievements
 Discarding: 
Scraping global achievement data for game 32460
Response: HTTP/1.1 200 OK
Found 12 achievements
Scraping global achievement data for game 22370
Response: HTTP/1.1 200 OK
Found 0 achievements
Scraping global achievement data for game 9200
Response: HTTP/1.1 200 OK
Found 67 achievements
Scraping global achievement data for game 61100
Response: HTTP/1.1 200 OK
Found 17 achievements
 Discarding: ACH_TEST_1
 Discarding: ACH_TEST_2
 Discarding: ACH_TEST_3
 Discarding: ACH_TEST_TEST
 Discarding: ACH_TEST_TEST_2
Scraping global achievement data for game 18508
Response: HTTP/1.1 200 OK
Found 0 achievements
Scraping global achievement data for game 18509
Response: HTTP/1.1 200 OK
Found 0 achievements
Scraping global achievement data for game 113400
Response: HTTP/1.1 200 OK
Found 0 achievements
Scraping global achievement data for game 8500
Response: HTTP/1.1 200 OK
Found 0 achievements
Scraping global achievement data for game 215220
Response: HTTP/1.1 200 OK
Found 0 achievements
Scraping global achievement data for game 80
Response: HTTP/1.1 200 OK
Found 0 achievements
Scraping global achievement data for game 17340
Response: HTTP/1.1 200 OK
Found 0 achievements
Scraping global achievement data for game 12250
Response: HTTP/1.1 200 OK
Found 0 achievements
Scraping global achievement data for game 18050
Response: HTTP/1.1 200 OK
Found 13 achievements
Scraping global achievement data for game 300
Response: HTTP/1.1 200 OK
Found 55 achievements
Scraping global achievement data for game 13530
Response: HTTP/1.1 200 OK
Found 0 achievements
Scraping global achievement data for game 35700
Response: HTTP/1.1 200 OK
Found 0 achievements
Scraping global achievement data for game 41800
Response: HTTP/1.1 200 OK
Found 0 achievements
Scraping global achievement data for game 41700
Response: HTTP/1.1 200 OK
Found 0 achievements
Scraping global achievement data for game 9060
Response: HTTP/1.1 200 OK
Found 0 achievements
Scraping global achievement data for game 113420
Response: HTTP/1.1 200 OK
Found 650 achievements
Scraping global achievement data for game 63700
Response: HTTP/1.1 200 OK
Found 27 achievements
Scraping global achievement data for game 4550
Response: HTTP/1.1 200 OK
Found 0 achievements
Scraping global achievement data for game 22180
Response: HTTP/1.1 200 OK
Found 0 achievements
Scraping global achievement data for game 9480
Response: HTTP/1.1 200 OK
Found 0 achievements
Scraping global achievement data for game 440
Response: HTTP/1.1 200 OK
Found 450 achievements
Scraping global achievement data for game 18110
Response: HTTP/1.1 200 OK
Found 0 achievements
Scraping global achievement data for game 12160
Response: HTTP/1.1 200 OK
Found 0 achievements
Scraping global achievement data for game 22380
Response: HTTP/1.1 200 OK
Found 77 achievements
 Discarding: ACH_TEST_0
Scraping global achievement data for game 70
Response: HTTP/1.1 200 OK
Found 0 achievements
Scraping global achievement data for game 21660
Response: HTTP/1.1 200 OK
Found 0 achievements
Scraping global achievement data for game 2370
Response: HTTP/1.1 200 OK
Found 0 achievements
Scraping global achievement data for game 42690
Response: HTTP/1.1 200 OK
Found 0 achievements
Scraping global achievement data for game 7670
Response: HTTP/1.1 200 OK
Found 0 achievements
Scraping global achievement data for game 41500
Response: HTTP/1.1 200 OK
Found 0 achievements
Scraping global achievement data for game 11200
Response: HTTP/1.1 200 OK
Found 0 achievements
Scraping global achievement data for game 2130
Response: HTTP/1.1 200 OK
Found 0 achievements
Scraping global achievement data for game 94500
Response: HTTP/1.1 200 OK
Found 0 achievements
Scraping global achievement data for game 21120
Response: HTTP/1.1 200 OK
Found 0 achievements
Scraping global achievement data for game 13500
Response: HTTP/1.1 200 OK
Found 0 achievements
Scraping global achievement data for game 4540
Response: HTTP/1.1 200 OK
Found 0 achievements
Scraping global achievement data for game 41000
Response: HTTP/1.1 200 OK
Found 36 achievements
Scraping global achievement data for game 201830
Response: HTTP/1.1 200 OK
Found 0 achievements
Scraping global achievement data for game 7770
Response: HTTP/1.1 200 OK
Found 0 achievements
Scraping global achievement data for game 200710
Response: HTTP/1.1 200 OK
Found 0 achievements
Scraping global achievement data for game 70120
Response: HTTP/1.1 200 OK
Found 9 achievements
Scraping global achievement data for game 92000
Response: HTTP/1.1 200 OK
Found 13 achievements
Scraping global achievement data for game 15500
Response: HTTP/1.1 200 OK
Found 21 achievements
 Discarding: test_achievement
 Discarding: test02
 Discarding: test03
 Discarding: test04
 Discarding: test4
 Discarding: test05
 Discarding: test06
 Discarding: test10
 Discarding: test11
 Discarding: test01
Scraping global achievement data for game 41100
Response: HTTP/1.1 200 OK
Found 0 achievements
Scraping global achievement data for game 60
Response: HTTP/1.1 200 OK
Found 0 achievements
Scraping global achievement data for game 65800
Response: HTTP/1.1 200 OK
Found 92 achievements
Scraping global achievement data for game 35420
Response: HTTP/1.1 200 OK
Found 0 achievements
Scraping global achievement data for game 130
Response: HTTP/1.1 200 OK
Found 0 achievements
Scraping global achievement data for game 2360
Response: HTTP/1.1 200 OK
Found 0 achievements
Scraping global achievement data for game 550
Response: HTTP/1.1 200 OK
Found 69 achievements
Scraping global achievement data for game 33320
Response: HTTP/1.1 200 OK
Found 0 achievements
Scraping global achievement data for game 7660
Response: HTTP/1.1 200 OK
Found 0 achievements
Scraping global achievement data for game 2550
Response: HTTP/1.1 200 OK
Found 0 achievements
Scraping global achievement data for game 41010
Response: HTTP/1.1 200 OK
Found 70 achievements
Scraping global achievement data for game 200210
Response: HTTP/1.1 200 OK
Found 0 achievements
Scraping global achievement data for game 7760
Response: HTTP/1.1 200 OK
Found 0 achievements
Scraping global achievement data for game 70110
Response: HTTP/1.1 200 OK
Found 0 achievements
Scraping global achievement data for game 1200
Response: HTTP/1.1 200 OK
Found 44 achievements
Scraping global achievement data for game 24420
Response: HTTP/1.1 200 OK
Found 27 achievements
Scraping global achievement data for game 113200
Response: HTTP/1.1 200 OK
Found 0 achievements
Scraping global achievement data for game 18040
Response: HTTP/1.1 200 OK
Found 12 achievements
Scraping global achievement data for game 17080
Response: HTTP/1.1 200 OK
Found 0 achievements
Scraping global achievement data for game 2350
Response: HTTP/1.1 200 OK
Found 0 achievements
Scraping global achievement data for game 2545
Response: HTTP/1.1 200 OK
Found 0 achievements
Scraping global achievement data for game 105600
Response: HTTP/1.1 200 OK
Found 0 achievements
Scraping global achievement data for game 205930
Response: HTTP/1.1 200 OK
Found 0 achievements
Scraping global achievement data for game 50
Response: HTTP/1.1 200 OK
Found 6 achievements
 Discarding: 
Scraping global achievement data for game 35130
Response: HTTP/1.1 200 OK
Found 12 achievements
Scraping global achievement data for game 42700
Response: HTTP/1.1 200 OK
Found 0 achievements
Scraping global achievement data for game 1002
Response: HTTP/1.1 200 OK
Found 0 achievements
Scraping global achievement data for game 36620
Response: HTTP/1.1 200 OK
Found 0 achievements
Scraping global achievement data for game 55040
Response: HTTP/1.1 200 OK
Found 43 achievements
 Discarding: 
Scraping global achievement data for game 2640
Response: HTTP/1.1 200 OK
Found 0 achievements
Scraping global achievement data for game 280
Response: HTTP/1.1 200 OK
Found 0 achievements
Scraping global achievement data for game 41060
Response: HTTP/1.1 200 OK
Found 0 achievements
Scraping global achievement data for game 34270
Response: HTTP/1.1 200 OK
Found 0 achievements
Scraping global achievement data for game 17700
Response: HTTP/1.1 200 OK
Found 1 achievements
 Discarding: ACH_TEST
Scraping global achievement data for game 8930
Response: HTTP/1.1 200 OK
Found 248 achievements
 Discarding: 
Scraping global achievement data for game 12520
Response: HTTP/1.1 200 OK
Found 0 achievements
Scraping global achievement data for game 1520
Response: HTTP/1.1 200 OK
Found 22 achievements
Scraping global achievement data for game 47780
Response: HTTP/1.1 200 OK
Found 0 achievements
Scraping global achievement data for game 21960
Response: HTTP/1.1 200 OK
Found 0 achievements
Scraping global achievement data for game 17510
Response: HTTP/1.1 200 OK
Found 0 achievements
Scraping global achievement data for game 13140
Response: HTTP/1.1 200 OK
Found 0 achievements
Scraping global achievement data for game 9040
Response: HTTP/1.1 200 OK
Found 0 achievements
Scraping global achievement data for game 2290
Response: HTTP/1.1 200 OK
Found 0 achievements
Scraping global achievement data for game 94530
Response: HTTP/1.1 200 OK
Found 0 achievements
Scraping global achievement data for game 40720
Response: HTTP/1.1 200 OK
Found 0 achievements
Scraping global achievement data for game 17300
Response: HTTP/1.1 200 OK
Found 0 achievements
Scraping global achievement data for game 1280
Response: HTTP/1.1 200 OK
Found 0 achievements
Scraping global achievement data for game 1900
Response: HTTP/1.1 200 OK
Found 0 achievements
Scraping global achievement data for game 9350
Response: HTTP/1.1 200 OK
Found 0 achievements
Scraping global achievement data for game 94200
Response: HTTP/1.1 200 OK
Found 42 achievements
Scraping global achievement data for game 216690
Response: HTTP/1.1 200 OK
Found 0 achievements
Scraping global achievement data for game 7940
Response: HTTP/1.1 200 OK
Found 0 achievements
Scraping global achievement data for game 17710
Response: HTTP/1.1 200 OK
Found 0 achievements
Scraping global achievement data for game 17020
Response: HTTP/1.1 200 OK
Found 0 achievements
Scraping global achievement data for game 104200
Response: HTTP/1.1 200 OK
Found 0 achievements
Scraping global achievement data for game 8190
Response: HTTP/1.1 200 OK
Found 0 achievements
Scraping global achievement data for game 32360
Response: HTTP/1.1 200 OK
Found 0 achievements
Scraping global achievement data for game 1510
Response: HTTP/1.1 200 OK
Found 0 achievements
Scraping global achievement data for game 11280
Response: HTTP/1.1 200 OK
Found 12 achievements
Scraping global achievement data for game 9050
Response: HTTP/1.1 200 OK
Found 0 achievements
Scraping global achievement data for game 207690
Response: HTTP/1.1 200 OK
Found 0 achievements
Scraping global achievement data for game 23310
Response: HTTP/1.1 200 OK
Found 0 achievements
Scraping global achievement data for game 17500
Response: HTTP/1.1 200 OK
Found 0 achievements
Scraping global achievement data for game 22600
Response: HTTP/1.1 200 OK
Found 61 achievements
 Discarding: THE_CRATEST
Scraping global achievement data for game 47790
Response: HTTP/1.1 200 OK
Found 0 achievements
Scraping global achievement data for game 17330
Response: HTTP/1.1 200 OK
Found 0 achievements
Scraping global achievement data for game 94000
Response: HTTP/1.1 200 OK
Found 0 achievements
Scraping global achievement data for game 2620
Response: HTTP/1.1 200 OK
Found 0 achievements
Scraping global achievement data for game 29570
Response: HTTP/1.1 200 OK
Found 0 achievements
Scraping global achievement data for game 22300
Response: HTTP/1.1 200 OK
Found 0 achievements
Scraping global achievement data for game 6300
Response: HTTP/1.1 200 OK
Found 0 achievements
Scraping global achievement data for game 45740
Response: HTTP/1.1 200 OK
Found 0 achievements
Scraping global achievement data for game 107800
Response: HTTP/1.1 200 OK
Found 0 achievements
Scraping global achievement data for game 91310
Response: HTTP/1.1 200 OK
Found 0 achievements
Scraping global achievement data for game 9900
Response: HTTP/1.1 200 OK
Found 0 achievements
Scraping global achievement data for game 24960
Response: HTTP/1.1 200 OK
Found 0 achievements
Scraping global achievement data for game 2270
Response: HTTP/1.1 200 OK
Found 0 achievements
Scraping global achievement data for game 9160
Response: HTTP/1.1 200 OK
Found 0 achievements
Scraping global achievement data for game 25700
Response: HTTP/1.1 200 OK
Found 17 achievements
Scraping global achievement data for game 31280
Response: HTTP/1.1 200 OK
Found 24 achievements
Scraping global achievement data for game 1500
Response: HTTP/1.1 200 OK
Found 0 achievements
Scraping global achievement data for game 94510
Response: HTTP/1.1 200 OK
Found 0 achievements
Scraping global achievement data for game 6000
Response: HTTP/1.1 200 OK
Found 0 achievements
Scraping global achievement data for game 105430
Response: HTTP/1.1 200 OK
Found 0 achievements
Scraping global achievement data for game 21690
Response: HTTP/1.1 200 OK
Found 0 achievements
Scraping global achievement data for game 46520
Response: HTTP/1.1 200 OK
Found 40 achievements
Scraping global achievement data for game 19020
Response: HTTP/1.1 200 OK
Found 12 achievements
Scraping global achievement data for game 91700
Response: HTTP/1.1 200 OK
Found 102 achievements
Scraping global achievement data for game 100
Response: HTTP/1.1 200 OK
Found 0 achievements
Scraping global achievement data for game 17530
Response: HTTP/1.1 200 OK
Found 26 achievements
Scraping global achievement data for game 2630
Response: HTTP/1.1 200 OK
Found 0 achievements
Scraping global achievement data for game 35140
Response: HTTP/1.1 200 OK
Found 0 achievements
Scraping global achievement data for game 7110
Response: HTTP/1.1 200 OK
Found 0 achievements
Scraping global achievement data for game 36630
Response: HTTP/1.1 200 OK
Found 0 achievements
Scraping global achievement data for game 10180
Response: HTTP/1.1 200 OK
Found 50 achievements
Scraping global achievement data for game 42710
Response: HTTP/1.1 200 OK
Found 0 achievements
Scraping global achievement data for game 9420
Response: HTTP/1.1 200 OK
Found 0 achievements
Scraping global achievement data for game 107300
Response: HTTP/1.1 200 OK
Found 0 achievements
Scraping global achievement data for game 2390
Response: HTTP/1.1 200 OK
Found 0 achievements
Scraping global achievement data for game 12900
Response: HTTP/1.1 200 OK
Found 19 achievements
Scraping global achievement data for game 22470
Response: HTTP/1.1 200 OK
Found 0 achievements
Scraping global achievement data for game 63660
Response: HTTP/1.1 200 OK
Found 0 achievements
Scraping global achievement data for game 41050
Response: HTTP/1.1 200 OK
Found 0 achievements
Scraping global achievement data for game 31290
Response: HTTP/1.1 200 OK
Found 0 achievements
Scraping global achievement data for game 2280
Response: HTTP/1.1 200 OK
Found 0 achievements
Scraping global achievement data for game 38700
Response: HTTP/1.1 200 OK
Found 39 achievements
 Discarding: Achievement_TestLab
 Discarding: Achievement_Test
Scraping global achievement data for game 94520
Response: HTTP/1.1 200 OK
Found 0 achievements
Scraping global achievement data for game 10680
Response: HTTP/1.1 200 OK
Found 50 achievements
Scraping global achievement data for game 16450
Response: HTTP/1.1 200 OK
Found 0 achievements
Scraping global achievement data for game 19840
Response: HTTP/1.1 200 OK
Found 0 achievements
Scraping global achievement data for game 9030
Response: HTTP/1.1 200 OK
Found 0 achievements
Scraping global achievement data for game 35720
Response: HTTP/1.1 200 OK
Found 97 achievements
Scraping global achievement data for game 17520
Response: HTTP/1.1 200 OK
Found 2 achievements
Scraping global achievement data for game 6120
Response: HTTP/1.1 200 OK
Found 12 achievements
Scraping global achievement data for game 39000
Response: HTTP/1.1 200 OK
Found 0 achievements
Scraping global achievement data for game 2810
Response: HTTP/1.1 200 OK
Found 0 achievements
Scraping global achievement data for game 240
Response: HTTP/1.1 200 OK
Found 148 achievements
Scraping global achievement data for game 99700
Response: HTTP/1.1 200 OK
Found 0 achievements
Scraping global achievement data for game 63650
Response: HTTP/1.1 200 OK
Found 0 achievements
Scraping global achievement data for game 10195
Response: HTTP/1.1 200 OK
Found 0 achievements
Scraping global achievement data for game 107310
Response: HTTP/1.1 200 OK
Found 0 achievements
Scraping global achievement data for game 10196
Response: HTTP/1.1 200 OK
Found 0 achievements
Scraping global achievement data for game 380
Response: HTTP/1.1 200 OK
Found 0 achievements
Scraping global achievement data for game 4000
Response: HTTP/1.1 200 OK
Found 30 achievements
Scraping global achievement data for game 10190
Response: HTTP/1.1 200 OK
Found 0 achievements
Scraping global achievement data for game 1250
Response: HTTP/1.1 200 OK
Found 205 achievements
 Discarding: Testing
Scraping global achievement data for game 15710
Response: HTTP/1.1 200 OK
Found 0 achievements
Scraping global achievement data for game 98800
Response: HTTP/1.1 200 OK
Found 125 achievements
Scraping global achievement data for game 209790
Response: HTTP/1.1 200 OK
Found 23 achievements
Scraping global achievement data for game 24130
Response: HTTP/1.1 200 OK
Found 0 achievements
Scraping global achievement data for game 102600
Response: HTTP/1.1 200 OK
Found 0 achievements
Scraping global achievement data for game 200900
Response: HTTP/1.1 200 OK
Found 76 achievements
Scraping global achievement data for game 201280
Response: HTTP/1.1 200 OK
Found 10 achievements
Scraping global achievement data for game 2400
Response: HTTP/1.1 200 OK
Found 0 achievements
Scraping global achievement data for game 99300
Response: HTTP/1.1 200 OK
Found 16 achievements
Scraping global achievement data for game 9000
Response: HTTP/1.1 200 OK
Found 0 achievements
Scraping global achievement data for game 19830
Response: HTTP/1.1 200 OK
Found 0 achievements
Scraping global achievement data for game 6920
Response: HTTP/1.1 200 OK
Found 0 achievements
Scraping global achievement data for game 102700
Response: HTTP/1.1 200 OK
Found 76 achievements
Scraping global achievement data for game 12200
Response: HTTP/1.1 200 OK
Found 0 achievements
Scraping global achievement data for game 2500
Response: HTTP/1.1 200 OK
Found 0 achievements
Scraping global achievement data for game 6060
Response: HTTP/1.1 200 OK
Found 0 achievements
Scraping global achievement data for game 18700
Response: HTTP/1.1 200 OK
Found 30 achievements
Scraping global achievement data for game 32390
Response: HTTP/1.1 200 OK
Found 0 achievements
Scraping global achievement data for game 13580
Response: HTTP/1.1 200 OK
Found 0 achievements
Scraping global achievement data for game 9500
Response: HTTP/1.1 200 OK
Found 11 achievements
Scraping global achievement data for game 3590
Response: HTTP/1.1 200 OK
Found 0 achievements
Scraping global achievement data for game 63640
Response: HTTP/1.1 200 OK
Found 0 achievements
Scraping global achievement data for game 104700
Response: HTTP/1.1 200 OK
Found 55 achievements
 Discarding: 
Scraping global achievement data for game 6310
Response: HTTP/1.1 200 OK
Found 0 achievements
Scraping global achievement data for game 33220
Response: HTTP/1.1 200 OK
Found 0 achievements
Scraping global achievement data for game 99810
Response: HTTP/1.1 200 OK
Found 0 achievements
Scraping global achievement data for game 630
Response: HTTP/1.1 200 OK
Found 66 achievements
Scraping global achievement data for game 35500
Response: HTTP/1.1 200 OK
Found 0 achievements
Scraping global achievement data for game 500
Response: HTTP/1.1 200 OK
Found 73 achievements
Scraping global achievement data for game 207320
Response: HTTP/1.1 200 OK
Found 34 achievements
 Discarding: 
Scraping global achievement data for game 22350
Response: HTTP/1.1 200 OK
Found 44 achievements
Scraping global achievement data for game 15700
Response: HTTP/1.1 200 OK
Found 0 achievements
Scraping global achievement data for game 40100
Response: HTTP/1.1 200 OK
Found 47 achievements
Scraping global achievement data for game 9010
Response: HTTP/1.1 200 OK
Found 0 achievements
Scraping global achievement data for game 200910
Response: HTTP/1.1 200 OK
Found 21 achievements
Scraping global achievement data for game 11240
Response: HTTP/1.1 200 OK
Found 40 achievements
Scraping global achievement data for game 39530
Response: HTTP/1.1 200 OK
Found 0 achievements
Scraping global achievement data for game 8980
Response: HTTP/1.1 200 OK
Found 80 achievements
Scraping global achievement data for game 24240
Response: HTTP/1.1 200 OK
Found 61 achievements
 Discarding: tester
 Discarding: 
Scraping global achievement data for game 63630
Response: HTTP/1.1 200 OK
Found 0 achievements
Scraping global achievement data for game 10700
Response: HTTP/1.1 200 OK
Found 0 achievements
Scraping global achievement data for game 207420
Response: HTTP/1.1 200 OK
Found 20 achievements
Scraping global achievement data for game 260
Response: HTTP/1.1 200 OK
Found 0 achievements
Scraping global achievement data for game 92800
Response: HTTP/1.1 200 OK
Found 20 achievements
Scraping global achievement data for game 209870
Response: HTTP/1.1 200 OK
Found 0 achievements
Scraping global achievement data for game 39120
Response: HTTP/1.1 200 OK
Found 0 achievements
Scraping global achievement data for game 21090
Response: HTTP/1.1 200 OK
Found 0 achievements
Scraping global achievement data for game 1230
Response: HTTP/1.1 200 OK
Found 29 achievements
Scraping global achievement data for game 57510
Response: HTTP/1.1 200 OK
Found 0 achievements
Scraping global achievement data for game 45700
Response: HTTP/1.1 200 OK
Found 0 achievements
Scraping global achievement data for game 72200
Response: HTTP/1.1 200 OK
Found 23 achievements
Scraping global achievement data for game 360
Response: HTTP/1.1 200 OK
Found 0 achievements
Scraping global achievement data for game 11370
Response: HTTP/1.1 200 OK
Found 0 achievements
Scraping global achievement data for game 65790
Response: HTTP/1.1 200 OK
Found 0 achievements
Scraping global achievement data for game 40700
Response: HTTP/1.1 200 OK
Found 0 achievements
Scraping global achievement data for game 17570
Response: HTTP/1.1 200 OK
Found 0 achievements
Scraping global achievement data for game 6850
Response: HTTP/1.1 200 OK
Found 0 achievements
Scraping global achievement data for game 29180
Response: HTTP/1.1 200 OK
Found 11 achievements
Scraping global achievement data for game 107900
Response: HTTP/1.1 200 OK
Found 49 achievements
Scraping global achievement data for game 92600
Response: HTTP/1.1 200 OK
Found 46 achievements
Scraping global achievement data for game 6900
Response: HTTP/1.1 200 OK
Found 0 achievements
Scraping global achievement data for game 57900
Response: HTTP/1.1 200 OK
Found 0 achievements
Scraping global achievement data for game 32370
Response: HTTP/1.1 200 OK
Found 0 achievements
Scraping global achievement data for game 209670
Response: HTTP/1.1 200 OK
Found 0 achievements
Scraping global achievement data for game 204100
Response: HTTP/1.1 200 OK
Found 0 achievements
Scraping global achievement data for game 26500
Response: HTTP/1.1 200 OK
Found 18 achievements
Scraping global achievement data for game 115110
Response: HTTP/1.1 200 OK
Found 21 achievements
Scraping global achievement data for game 63620
Response: HTTP/1.1 200 OK
Found 0 achievements
Scraping global achievement data for game 107200
Response: HTTP/1.1 200 OK
Found 49 achievements
 Discarding: ACH_TEST_A
Scraping global achievement data for game 2540
Response: HTTP/1.1 200 OK
Found 0 achievements
Scraping global achievement data for game 200510
Response: HTTP/1.1 200 OK
Found 60 achievements
Scraping global achievement data for game 20900
Response: HTTP/1.1 200 OK
Found 0 achievements
Scraping global achievement data for game 91200
Response: HTTP/1.1 200 OK
Found 0 achievements
Scraping global achievement data for game 29720
Response: HTTP/1.1 200 OK
Found 0 achievements
Scraping global achievement data for game 212840
Response: HTTP/1.1 200 OK
Found 0 achievements
Scraping global achievement data for game 201230
Response: HTTP/1.1 200 OK
Found 0 achievements
Scraping global achievement data for game 57300
Response: HTTP/1.1 200 OK
Found 0 achievements
Scraping global achievement data for game 12310
Response: HTTP/1.1 200 OK
Found 0 achievements
Scraping global achievement data for game 200390
Response: HTTP/1.1 200 OK
Found 45 achievements
 Discarding: TestAchievement
 Discarding: 
Scraping global achievement data for game 24120
Response: HTTP/1.1 200 OK
Found 0 achievements
Scraping global achievement data for game 6860
Response: HTTP/1.1 200 OK
Found 0 achievements
Scraping global achievement data for game 22230
Response: HTTP/1.1 200 OK
Found 23 achievements
Scraping global achievement data for game 9940
Response: HTTP/1.1 200 OK
Found 12 achievements
Scraping global achievement data for game 1530
Response: HTTP/1.1 200 OK
Found 12 achievements
Scraping global achievement data for game 72850
Response: HTTP/1.1 200 OK
Found 65 achievements
Scraping global achievement data for game 107400
Response: HTTP/1.1 200 OK
Found 0 achievements
Scraping global achievement data for game 6910
Response: HTTP/1.1 200 OK
Found 0 achievements
Scraping global achievement data for game 49470
Response: HTTP/1.1 200 OK
Found 46 achievements
Using steam API key: 1DFEE0F6034695D0833027EAC609F84F
Writing serialized game data to: /Users/j.siddle/workspaces/hacks/steam-viz/data/gamelist1_games.json
